mode: set
stresser/internal/domain/entity/report.go:9.26,11.2 1 1
stresser/internal/domain/entity/report.go:13.56,15.2 1 1
stresser/internal/domain/entity/report.go:17.53,19.39 2 1
stresser/internal/domain/entity/report.go:19.39,21.3 1 1
stresser/internal/domain/entity/report.go:22.2,22.42 1 1
stresser/internal/domain/entity/report.go:25.41,27.2 1 1
stresser/internal/domain/entity/report.go:29.44,31.39 2 1
stresser/internal/domain/entity/report.go:31.39,32.38 1 1
stresser/internal/domain/entity/report.go:32.38,34.4 1 1
stresser/internal/domain/entity/report.go:36.2,36.26 1 1
stresser/internal/domain/entity/report.go:39.57,41.39 2 1
stresser/internal/domain/entity/report.go:41.39,42.38 1 1
stresser/internal/domain/entity/report.go:42.38,44.4 1 1
stresser/internal/domain/entity/report.go:46.2,46.29 1 1
stresser/internal/domain/entity/request_response.go:12.110,19.2 1 1
stresser/internal/domain/entity/request_response.go:21.43,23.2 1 1
stresser/internal/domain/entity/request_response.go:25.49,27.2 1 1
stresser/internal/domain/entity/request_response.go:29.44,31.2 1 1
stresser/internal/domain/entity/request_response.go:33.58,35.2 1 1
stresser/internal/domain/entity/request_response.go:37.42,39.2 1 1
stresser/internal/domain/entity/request_response.go:41.44,43.2 1 1
stresser/internal/services/looper.go:14.56,18.2 1 1
stresser/internal/services/looper.go:20.88,25.32 5 1
stresser/internal/services/looper.go:25.32,28.13 3 1
stresser/internal/services/looper.go:28.13,31.18 3 1
stresser/internal/services/looper.go:31.18,33.5 1 0
stresser/internal/services/looper.go:34.4,35.16 2 1
stresser/internal/services/looper.go:39.2,41.21 2 1
stresser/internal/services/reporter.go:12.50,16.2 1 0
stresser/internal/services/reporter.go:18.29,28.54 8 0
stresser/internal/services/reporter.go:28.54,30.3 1 0
stresser/internal/services/requester.go:12.32,14.2 1 1
stresser/internal/services/requester.go:16.74,24.16 4 1
stresser/internal/services/requester.go:24.16,26.3 1 0
stresser/internal/services/requester.go:28.2,28.38 1 1
stresser/internal/services/requester.go:28.38,30.3 1 1
stresser/internal/services/requester.go:32.2,32.82 1 1
