mode: set
serviceb/internal/domain/custom_error/cep.go:5.42,7.2 1 1
serviceb/internal/domain/custom_error/cep_service.go:5.37,7.2 1 1
serviceb/internal/domain/entity/cep.go:12.40,14.58 1 1
serviceb/internal/domain/entity/cep.go:14.58,16.3 1 1
serviceb/internal/domain/entity/cep.go:18.2,18.31 1 1
serviceb/internal/domain/entity/cep.go:21.29,23.2 1 1
serviceb/internal/domain/entity/temperatures.go:10.100,17.2 1 1
serviceb/internal/domain/entity/temperatures.go:19.41,21.2 1 1
serviceb/internal/domain/entity/temperatures.go:23.43,25.2 1 1
serviceb/internal/domain/entity/temperatures.go:27.40,29.2 1 1
serviceb/internal/domain/entity/temperatures.go:31.37,33.2 1 1
serviceb/internal/service/via_cep.go:30.25,32.2 1 1
serviceb/internal/service/via_cep.go:34.66,40.16 4 1
serviceb/internal/service/via_cep.go:40.16,42.3 1 0
serviceb/internal/service/via_cep.go:43.2,47.65 3 1
serviceb/internal/service/via_cep.go:47.65,49.3 1 0
serviceb/internal/service/via_cep.go:51.2,51.27 1 1
serviceb/internal/service/via_cep.go:51.27,53.3 1 1
serviceb/internal/service/via_cep.go:55.2,55.29 1 1
serviceb/internal/service/weather_api.go:65.46,67.2 1 1
serviceb/internal/service/weather_api.go:69.103,76.16 4 1
serviceb/internal/service/weather_api.go:76.16,79.3 2 0
serviceb/internal/service/weather_api.go:81.2,84.16 3 1
serviceb/internal/service/weather_api.go:84.16,86.3 1 0
serviceb/internal/service/weather_api.go:88.2,92.65 3 1
serviceb/internal/service/weather_api.go:92.65,94.3 1 0
serviceb/internal/service/weather_api.go:96.2,96.72 1 1
